<?xml version="1.0" encoding="UTF-8"?>
<testsuite xmlns:xsi="http://www.w3.org/2001/XMLSchema-instance" xsi:noNamespaceSchemaLocation="https://maven.apache.org/surefire/maven-surefire-plugin/xsd/surefire-test-report-3.0.xsd" version="3.0" name="TestSuite" time="67.233" tests="4" errors="0" skipped="0" failures="1">
  <properties>
[...]
</properties>
  <testcase name="basePageNavigation" classname="Academy.ValidateNavigationBar" time="2.859"/>
  <testcase name="basePageNavigation" classname="Academy.ValidateTitle" time="3.948">
    <failure message="expected:&lt;FEATURED COURSES[]&gt; but was:&lt;FEATURED COURSES[123]&gt;" type="junit.framework.ComparisonFailure"><![CDATA[junit.framework.ComparisonFailure: expected:<FEATURED COURSES[]> but was:<FEATURED COURSES[123]>
	at Academy.ValidateTitle.basePageNavigation(ValidateTitle.java:37)
]]></failure>
    <system-err><![CDATA[[1590406395.719][SEVERE]: Timed out receiving message from renderer: 0.100
[1590406395.820][SEVERE]: Timed out receiving message from renderer: 0.100
[1590406395.921][SEVERE]: Timed out receiving message from renderer: 0.100
[1590406396.027][SEVERE]: Timed out receiving message from renderer: 0.100
[1590406396.130][SEVERE]: Timed out receiving message from renderer: 0.100
[1590406396.233][SEVERE]: Timed out receiving message from renderer: 0.100
[1590406396.336][SEVERE]: Timed out receiving message from renderer: 0.100
[1590406396.438][SEVERE]: Timed out receiving message from renderer: 0.100
[1590406396.539][SEVERE]: Timed out receiving message from renderer: 0.100
[1590406396.640][SEVERE]: Timed out receiving message from renderer: 0.100
[1590406396.742][SEVERE]: Timed out receiving message from renderer: 0.100
]]></system-err>
  </testcase>
  <testcase name="basePageNavigation" classname="Academy.HomePage" time="15.67"/>
  <testcase name="basePageNavigation" classname="Academy.HomePage" time="19.636"/>
</testsuite>