-------------------------------------------------------------------------------
Test set: TestSuite
-------------------------------------------------------------------------------
Tests run: 4, Failures: 1, Errors: 0, Skipped: 0, Time elapsed: 67.233 s <<< FAILURE! - in TestSuite
Academy.ValidateTitle.basePageNavigation  Time elapsed: 3.948 s  <<< FAILURE!
junit.framework.ComparisonFailure: expected:<FEATURED COURSES[]> but was:<FEATURED COURSES[123]>
	at Academy.ValidateTitle.basePageNavigation(ValidateTitle.java:37)

