<?xml version="1.0" encoding="UTF-8"?>
<testng-results skipped="0" failed="1" ignored="0" total="4" passed="3">
  <reporter-output>
  </reporter-output>
  <suite name="Suite" duration-ms="65803" started-at="2020-05-25T11:32:43Z" finished-at="2020-05-25T11:33:49Z">
    <groups>
    </groups>
    <test name=" validate NavigationBAr Test" duration-ms="37101" started-at="2020-05-25T11:32:43Z" finished-at="2020-05-25T11:33:20Z">
      <class name="Academy.ValidateNavigationBar">
        <test-method status="PASS" signature="intitlizer()[pri:0, instance:Academy.ValidateNavigationBar@15bbf42f]" name="intitlizer" is-config="true" duration-ms="28997" started-at="2020-05-25T11:32:43Z" finished-at="2020-05-25T11:33:12Z">
          <reporter-output>
          </reporter-output>
        </test-method> <!-- intitlizer -->
        <test-method status="PASS" signature="basePageNavigation()[pri:0, instance:Academy.ValidateNavigationBar@15bbf42f]" name="basePageNavigation" duration-ms="3035" started-at="2020-05-25T11:33:12Z" finished-at="2020-05-25T11:33:15Z">
          <reporter-output>
          </reporter-output>
        </test-method> <!-- basePageNavigation -->
        <test-method status="PASS" signature="tearDown()[pri:0, instance:Academy.ValidateNavigationBar@15bbf42f]" name="tearDown" is-config="true" duration-ms="4708" started-at="2020-05-25T11:33:15Z" finished-at="2020-05-25T11:33:20Z">
          <reporter-output>
          </reporter-output>
        </test-method> <!-- tearDown -->
      </class> <!-- Academy.ValidateNavigationBar -->
    </test> <!--  validate NavigationBAr Test -->
    <test name="Validate Title Test" duration-ms="37101" started-at="2020-05-25T11:32:43Z" finished-at="2020-05-25T11:33:20Z">
      <class name="Academy.ValidateTitle">
        <test-method status="PASS" signature="intitlizer()[pri:0, instance:Academy.ValidateTitle@1e683a3e]" name="intitlizer" is-config="true" duration-ms="29533" started-at="2020-05-25T11:32:43Z" finished-at="2020-05-25T11:33:12Z">
          <reporter-output>
          </reporter-output>
        </test-method> <!-- intitlizer -->
        <test-method status="FAIL" signature="basePageNavigation()[pri:0, instance:Academy.ValidateTitle@1e683a3e]" name="basePageNavigation" duration-ms="2511" started-at="2020-05-25T11:33:12Z" finished-at="2020-05-25T11:33:15Z">
          <exception class="junit.framework.ComparisonFailure">
            <message>
              <![CDATA[expected:<FEATURED COURSES[]> but was:<FEATURED COURSES[123]>]]>
            </message>
            <full-stacktrace>
              <![CDATA[junit.framework.ComparisonFailure: expected:<FEATURED COURSES[]> but was:<FEATURED COURSES[123]>
at junit.framework.Assert.assertEquals(Assert.java:100)
at junit.framework.Assert.assertEquals(Assert.java:107)
at Academy.ValidateTitle.basePageNavigation(ValidateTitle.java:37)
at sun.reflect.NativeMethodAccessorImpl.invoke0(Native Method)
at sun.reflect.NativeMethodAccessorImpl.invoke(NativeMethodAccessorImpl.java:62)
at sun.reflect.DelegatingMethodAccessorImpl.invoke(DelegatingMethodAccessorImpl.java:43)
at java.lang.reflect.Method.invoke(Method.java:498)
at org.testng.internal.MethodInvocationHelper.invokeMethod(MethodInvocationHelper.java:124)
at org.testng.internal.Invoker.invokeMethod(Invoker.java:583)
at org.testng.internal.Invoker.invokeTestMethod(Invoker.java:719)
at org.testng.internal.Invoker.invokeTestMethods(Invoker.java:989)
at org.testng.internal.TestMethodWorker.invokeTestMethods(TestMethodWorker.java:125)
at org.testng.internal.TestMethodWorker.run(TestMethodWorker.java:109)
at org.testng.TestRunner.privateRun(TestRunner.java:648)
at org.testng.TestRunner.run(TestRunner.java:505)
at org.testng.SuiteRunner.runTest(SuiteRunner.java:455)
at org.testng.SuiteRunner.access$000(SuiteRunner.java:40)
at org.testng.SuiteRunner$SuiteWorker.run(SuiteRunner.java:489)
at org.testng.internal.thread.ThreadUtil$1.call(ThreadUtil.java:52)
at java.util.concurrent.FutureTask.run(FutureTask.java:266)
at java.util.concurrent.ThreadPoolExecutor.runWorker(ThreadPoolExecutor.java:1149)
at java.util.concurrent.ThreadPoolExecutor$Worker.run(ThreadPoolExecutor.java:624)
at java.lang.Thread.run(Thread.java:748)
]]>
            </full-stacktrace>
          </exception> <!-- junit.framework.ComparisonFailure -->
          <reporter-output>
          </reporter-output>
        </test-method> <!-- basePageNavigation -->
        <test-method status="PASS" signature="tearDown()[pri:0, instance:Academy.ValidateTitle@1e683a3e]" name="tearDown" is-config="true" duration-ms="3620" started-at="2020-05-25T11:33:16Z" finished-at="2020-05-25T11:33:20Z">
          <reporter-output>
          </reporter-output>
        </test-method> <!-- tearDown -->
      </class> <!-- Academy.ValidateTitle -->
    </test> <!-- Validate Title Test -->
    <test name="Home page Test" duration-ms="65803" started-at="2020-05-25T11:32:43Z" finished-at="2020-05-25T11:33:49Z">
      <class name="Academy.HomePage">
        <test-method status="PASS" signature="intitlizer()[pri:0, instance:Academy.HomePage@49c7b90e]" name="intitlizer" is-config="true" duration-ms="13454" started-at="2020-05-25T11:32:43Z" finished-at="2020-05-25T11:32:56Z">
          <reporter-output>
          </reporter-output>
        </test-method> <!-- intitlizer -->
        <test-method status="PASS" signature="basePageNavigation(java.lang.String, java.lang.String, java.lang.String)[pri:0, instance:Academy.HomePage@49c7b90e]" name="basePageNavigation" duration-ms="31667" started-at="2020-05-25T11:32:56Z" data-provider="getData" finished-at="2020-05-25T11:33:28Z">
          <params>
            <param index="0">
              <value>
                <![CDATA[invaliduser@qa.com]]>
              </value>
            </param>
            <param index="1">
              <value>
                <![CDATA[passwrd2456312]]>
              </value>
            </param>
            <param index="2">
              <value>
                <![CDATA[invalid user]]>
              </value>
            </param>
          </params>
          <reporter-output>
          </reporter-output>
        </test-method> <!-- basePageNavigation -->
        <test-method status="PASS" signature="basePageNavigation(java.lang.String, java.lang.String, java.lang.String)[pri:0, instance:Academy.HomePage@49c7b90e]" name="basePageNavigation" duration-ms="19635" started-at="2020-05-25T11:33:28Z" data-provider="getData" finished-at="2020-05-25T11:33:48Z">
          <params>
            <param index="0">
              <value>
                <![CDATA[validuser@qa.com]]>
              </value>
            </param>
            <param index="1">
              <value>
                <![CDATA[paswrhf679]]>
              </value>
            </param>
            <param index="2">
              <value>
                <![CDATA[valid user]]>
              </value>
            </param>
          </params>
          <reporter-output>
          </reporter-output>
        </test-method> <!-- basePageNavigation -->
        <test-method status="PASS" signature="tearDown()[pri:0, instance:Academy.HomePage@49c7b90e]" name="tearDown" is-config="true" duration-ms="963" started-at="2020-05-25T11:33:48Z" finished-at="2020-05-25T11:33:49Z">
          <reporter-output>
          </reporter-output>
        </test-method> <!-- tearDown -->
      </class> <!-- Academy.HomePage -->
    </test> <!-- Home page Test -->
  </suite> <!-- Suite -->
</testng-results>
