<?xml version="1.0" encoding="UTF-8"?>
<!-- Generated by org.testng.reporters.JUnitXMLReporter -->
<testsuite hostname="LAPTOP-MHBR2HPR" ignored="0" name="Test" tests="4" failures="0" timestamp="23 May 2020 10:05:54 GMT" time="58.141" errors="0">
  <testcase name="basePageNavigation" time="2.264" classname="Academy.ValidateNavigationBar"/>
  <testcase name="basePageNavigation" time="2.201" classname="Academy.ValidateTitle"/>
  <testcase name="basePageNavigation" time="18.042" classname="Academy.HomePage"/>
  <testcase name="basePageNavigation" time="16.51" classname="Academy.HomePage"/>
</testsuite> <!-- Test -->
