<?xml version="1.0" encoding="UTF-8"?>
<!-- Generated by org.testng.reporters.JUnitXMLReporter -->
<testsuite hostname="LAPTOP-MHBR2HPR" ignored="0" name="Validate Title Test" tests="1" failures="1" timestamp="24 May 2020 13:46:27 GMT" time="18.262" errors="0">
  <testcase name="basePageNavigation" time="2.265" classname="Academy.ValidateTitle">
    <failure type="junit.framework.ComparisonFailure" message="expected:&amp;lt;FEATURED COURSES[]&amp;gt; but was:&amp;lt;FEATURED COURSES[123]&amp;gt;">
      <![CDATA[junit.framework.ComparisonFailure: expected:<FEATURED COURSES[]> but was:<FEATURED COURSES[123]>
at junit.framework.Assert.assertEquals(Assert.java:100)
at junit.framework.Assert.assertEquals(Assert.java:107)
at Academy.ValidateTitle.basePageNavigation(ValidateTitle.java:37)
at java.util.concurrent.FutureTask.run(Unknown Source)
at java.util.concurrent.ThreadPoolExecutor.runWorker(Unknown Source)
at java.util.concurrent.ThreadPoolExecutor$Worker.run(Unknown Source)
at java.lang.Thread.run(Unknown Source)
... Removed 16 stack frames]]>
    </failure>
  </testcase> <!-- basePageNavigation -->
</testsuite> <!-- Validate Title Test -->
